<?xml version="1.0" encoding="utf-8"?><testsuites name="pytest tests"><testsuite name="pytest" errors="0" failures="0" skipped="0" tests="80" time="0.803" timestamp="2026-07-24T18:17:49.048279-03:00" hostname="Matheuss-Laptop.local"><testcase classname="tests.unit.test_cliente_storage.TestGetBucket" name="test_returns_env_var" time="0.001" /><testcase classname="tests.unit.test_cliente_storage.TestGetBucket" name="test_default_when_env_not_set" time="0.001" /><testcase classname="tests.unit.test_cliente_storage.TestGetStorageFs" name="test_minio_uses_s3fs_with_endpoint" time="0.001" /><testcase classname="tests.unit.test_cliente_storage.TestGetStorageFs" name="test_minio_endpoint_defaults" time="0.002" /><testcase classname="tests.unit.test_cliente_storage.TestGetStorageFs" name="test_s3_does_not_set_endpoint" time="0.001" /><testcase classname="tests.unit.test_cliente_storage.TestGetStorageFs" name="test_s3_uses_aws_env_fallback" time="0.001" /><testcase classname="tests.unit.test_cliente_storage.TestGetStorageFs" name="test_adls_uses_adlfs" time="0.001" /><testcase classname="tests.unit.test_cliente_storage.TestGetStorageFs" name="test_unknown_backend_raises" time="0.001" /><testcase classname="tests.unit.test_cliente_storage.TestEnsureBucketExists" name="test_creates_bucket_when_missing" time="0.001" /><testcase classname="tests.unit.test_cliente_storage.TestEnsureBucketExists" name="test_skips_mkdir_when_bucket_exists" time="0.001" /><testcase classname="tests.unit.test_cliente_storage.TestEnsureBucketExists" name="test_swallows_exceptions" time="0.001" /><testcase classname="tests.unit.test_homologation_flow.TestLoadLandingFiles" name="test_returns_files_and_dataframe" time="0.002" /><testcase classname="tests.unit.test_homologation_flow.TestLoadLandingFiles" name="test_raises_when_no_files" time="0.001" /><testcase classname="tests.unit.test_homologation_flow.TestLoadLandingFiles" name="test_prefix_uses_zero_padded_date" time="0.001" /><testcase classname="tests.unit.test_homologation_flow.TestLoadLandingFiles" name="test_uses_provided_bucket_over_env" time="0.001" /><testcase classname="tests.unit.test_homologation_flow.TestLoadLandingFiles" name="test_concatenates_multiple_files" time="0.001" /><testcase classname="tests.unit.test_homologation_flow.TestLoadLandingFiles" name="test_read_parquet_called_once_per_file" time="0.001" /><testcase classname="tests.unit.test_homologation_flow.TestValidateDataframe" name="test_passes_on_valid_data" time="0.001" /><testcase classname="tests.unit.test_homologation_flow.TestValidateDataframe" name="test_fails_on_missing_column" time="0.001" /><testcase classname="tests.unit.test_homologation_flow.TestValidateDataframe" name="test_fails_on_null_in_required_column" time="0.001" /><testcase classname="tests.unit.test_homologation_flow.TestValidateDataframe" name="test_fails_below_min_rows" time="0.001" /><testcase classname="tests.unit.test_homologation_flow.TestValidateDataframe" name="test_fails_on_duplicates" time="0.001" /><testcase classname="tests.unit.test_homologation_flow.TestValidateDataframe" name="test_returns_all_check_results" time="0.001" /><testcase classname="tests.unit.test_homologation_flow.TestWriteToPostgres" name="test_returns_row_count" time="0.475" /><testcase classname="tests.unit.test_homologation_flow.TestWriteToPostgres" name="test_calls_insert_data_with_correct_args" time="0.002" /><testcase classname="tests.unit.test_homologation_flow.TestWriteToPostgres" name="test_passes_records_as_list_of_dicts" time="0.002" /><testcase classname="tests.unit.test_homologation_flow.TestWriteToPostgres" name="test_constructs_client_with_conn_str" time="0.002" /><testcase classname="tests.unit.test_homologation_helpers.TestCheckResult" name="test_fields" time="0.001" /><testcase classname="tests.unit.test_homologation_helpers.TestCheckNotNull" name="test_passes_when_no_nulls" time="0.001" /><testcase classname="tests.unit.test_homologation_helpers.TestCheckNotNull" name="test_fails_when_nulls_present" time="0.001" /><testcase classname="tests.unit.test_homologation_helpers.TestCheckNotNull" name="test_fails_when_column_missing" time="0.001" /><testcase classname="tests.unit.test_homologation_helpers.TestCheckNotNull" name="test_one_result_per_column" time="0.001" /><testcase classname="tests.unit.test_homologation_helpers.TestCheckNotNull" name="test_check_name_includes_column" time="0.001" /><testcase classname="tests.unit.test_homologation_helpers.TestCheckNotNull" name="test_empty_columns_list_returns_empty" time="0.001" /><testcase classname="tests.unit.test_homologation_helpers.TestCheckRowCount" name="test_passes_at_exact_minimum" time="0.001" /><testcase classname="tests.unit.test_homologation_helpers.TestCheckRowCount" name="test_passes_above_minimum" time="0.001" /><testcase classname="tests.unit.test_homologation_helpers.TestCheckRowCount" name="test_fails_below_minimum" time="0.001" /><testcase classname="tests.unit.test_homologation_helpers.TestCheckRowCount" name="test_fails_on_empty_dataframe" time="0.001" /><testcase classname="tests.unit.test_homologation_helpers.TestCheckRowCount" name="test_message_contains_actual_and_expected" time="0.001" /><testcase classname="tests.unit.test_homologation_helpers.TestCheckSchema" name="test_passes_when_all_present" time="0.001" /><testcase classname="tests.unit.test_homologation_helpers.TestCheckSchema" name="test_passes_with_extra_columns" time="0.001" /><testcase classname="tests.unit.test_homologation_helpers.TestCheckSchema" name="test_fails_when_column_missing" time="0.001" /><testcase classname="tests.unit.test_homologation_helpers.TestCheckSchema" name="test_missing_columns_sorted_in_message" time="0.001" /><testcase classname="tests.unit.test_homologation_helpers.TestCheckSchema" name="test_empty_expected_list_always_passes" time="0.001" /><testcase classname="tests.unit.test_homologation_helpers.TestCheckNoDuplicates" name="test_passes_with_unique_keys" time="0.001" /><testcase classname="tests.unit.test_homologation_helpers.TestCheckNoDuplicates" name="test_fails_with_duplicate_keys" time="0.001" /><testcase classname="tests.unit.test_homologation_helpers.TestCheckNoDuplicates" name="test_composite_key" time="0.001" /><testcase classname="tests.unit.test_homologation_helpers.TestCheckNoDuplicates" name="test_composite_key_detects_duplicate" time="0.001" /><testcase classname="tests.unit.test_homologation_helpers.TestCheckNoDuplicates" name="test_message_contains_duplicate_count" time="0.001" /><testcase classname="tests.unit.test_homologation_helpers.TestCheckNullRate" name="test_passes_below_threshold" time="0.001" /><testcase classname="tests.unit.test_homologation_helpers.TestCheckNullRate" name="test_passes_at_exact_threshold" time="0.001" /><testcase classname="tests.unit.test_homologation_helpers.TestCheckNullRate" name="test_fails_above_threshold" time="0.001" /><testcase classname="tests.unit.test_homologation_helpers.TestCheckNullRate" name="test_fails_when_column_missing" time="0.001" /><testcase classname="tests.unit.test_homologation_helpers.TestCheckNullRate" name="test_zero_row_dataframe_passes" time="0.001" /><testcase classname="tests.unit.test_homologation_helpers.TestRunChecks" name="test_all_pass" time="0.001" /><testcase classname="tests.unit.test_homologation_helpers.TestRunChecks" name="test_one_fail_means_not_all_passed" time="0.001" /><testcase classname="tests.unit.test_homologation_helpers.TestRunChecks" name="test_empty_checks_passes" time="0.001" /><testcase classname="tests.unit.test_homologation_helpers.TestRunChecks" name="test_returns_original_list" time="0.001" /><testcase classname="tests.unit.test_ingest_dag_helpers.TestGenerateTestDataframe" name="test_returns_polars_dataframe" time="0.001" /><testcase classname="tests.unit.test_ingest_dag_helpers.TestGenerateTestDataframe" name="test_correct_number_of_rows" time="0.001" /><testcase classname="tests.unit.test_ingest_dag_helpers.TestGenerateTestDataframe" name="test_has_all_expected_columns" time="0.001" /><testcase classname="tests.unit.test_ingest_dag_helpers.TestGenerateTestDataframe" name="test_id_is_sequential_from_one" time="0.001" /><testcase classname="tests.unit.test_ingest_dag_helpers.TestGenerateTestDataframe" name="test_name_is_sequential_identifier" time="0.001" /><testcase classname="tests.unit.test_ingest_dag_helpers.TestGenerateTestDataframe" name="test_value_in_expected_range" time="0.001" /><testcase classname="tests.unit.test_ingest_dag_helpers.TestGenerateTestDataframe" name="test_category_only_valid_values" time="0.001" /><testcase classname="tests.unit.test_ingest_dag_helpers.TestGenerateTestDataframe" name="test_active_is_boolean" time="0.001" /><testcase classname="tests.unit.test_ingest_dag_helpers.TestGenerateTestDataframe" name="test_dt_ingest_is_parseable_iso" time="0.001" /><testcase classname="tests.unit.test_ingest_dag_helpers.TestGenerateTestDataframe" name="test_no_nulls" time="0.001" /><testcase classname="tests.unit.test_landing_zone.TestBuildLandingPath" name="test_path_structure" time="0.001" /><testcase classname="tests.unit.test_landing_zone.TestBuildLandingPath" name="test_month_and_day_are_zero_padded" time="0.001" /><testcase classname="tests.unit.test_landing_zone.TestBuildLandingPath" name="test_custom_extension" time="0.001" /><testcase classname="tests.unit.test_landing_zone.TestBuildLandingPath" name="test_bucket_prefix_comes_first" time="0.001" /><testcase classname="tests.unit.test_landing_zone.TestWriteParquet" name="test_returns_the_path" time="0.002" /><testcase classname="tests.unit.test_landing_zone.TestWriteParquet" name="test_writes_valid_parquet" time="0.002" /><testcase classname="tests.unit.test_landing_zone.TestWriteParquet" name="test_calls_ensure_bucket_exists" time="0.002" /><testcase classname="tests.unit.test_landing_zone.TestReadParquet" name="test_returns_correct_dataframe" time="0.001" /><testcase classname="tests.unit.test_landing_zone.TestReadParquet" name="test_roundtrip_preserves_dtypes" time="0.001" /><testcase classname="tests.unit.test_landing_zone.TestListFiles" name="test_returns_glob_results" time="0.001" /><testcase classname="tests.unit.test_landing_zone.TestListFiles" name="test_returns_empty_on_file_not_found" time="0.001" /><testcase classname="tests.unit.test_landing_zone.TestListFiles" name="test_custom_extension_passed_to_glob" time="0.001" /></testsuite></testsuites>